<?xml version="1.0" encoding="UTF-8"?>
<testsuite name="Demo QA" tests="1" skipped="0" failures="1" errors="0" timestamp="2022-08-26T14:26:52" hostname="DESKTOP-7PSJJ0Q" time="0.815">
  <properties/>
  <testcase name="Interact in the website" classname="Demo QA" time="0.815">
    <failure message="io.cucumber.core.exception.CucumberException: Step [that Andres open de browser and enter the page {string}] is defined with 1 parameters at 'co.com.prueba.demoqa.stepdefinitions.PDemoqaStepDefinition.that_andres_open_de_browser_and_enter_the_page(java.lang.String)'.&#10;However, the gherkin step has 2 arguments:&#10; * 'https://demoqa.com/'&#10; * Table:&#10;      | button_option | color |&#10;&#10;Step text: that Andres open de browser and enter the page 'https://demoqa.com/'" type="io.cucumber.core.exception.CucumberException">io.cucumber.core.exception.CucumberException: Step [that Andres open de browser and enter the page {string}] is defined with 1 parameters at 'co.com.prueba.demoqa.stepdefinitions.PDemoqaStepDefinition.that_andres_open_de_browser_and_enter_the_page(java.lang.String)'.
However, the gherkin step has 2 arguments:
 * 'https://demoqa.com/'
 * Table:
      | button_option | color |

Step text: that Andres open de browser and enter the page 'https://demoqa.com/'
	at app//io.cucumber.core.runner.PickleStepDefinitionMatch.arityMismatch(PickleStepDefinitionMatch.java:83)
	at app//io.cucumber.core.runner.PickleStepDefinitionMatch.runStep(PickleStepDefinitionMatch.java:42)
	at app//io.cucumber.core.runner.ExecutionMode$1.execute(ExecutionMode.java:10)
	at app//io.cucumber.core.runner.TestStep.executeStep(TestStep.java:92)
	at app//io.cucumber.core.runner.TestStep.run(TestStep.java:64)
	at app//io.cucumber.core.runner.PickleStepTestStep.run(PickleStepTestStep.java:51)
	at app//io.cucumber.core.runner.TestCase.run(TestCase.java:104)
	at app//io.cucumber.core.runner.Runner.runPickle(Runner.java:73)
	at app//io.cucumber.junit.PickleRunners$NoStepDescriptions.run(PickleRunners.java:151)
	at app//io.cucumber.junit.FeatureRunner.runChild(FeatureRunner.java:135)
	at app//io.cucumber.junit.FeatureRunner.runChild(FeatureRunner.java:27)
	at app//org.junit.runners.ParentRunner$3.run(ParentRunner.java:290)
	at app//org.junit.runners.ParentRunner$1.schedule(ParentRunner.java:71)
	at app//org.junit.runners.ParentRunner.runChildren(ParentRunner.java:288)
	at app//org.junit.runners.ParentRunner.access$000(ParentRunner.java:58)
	at app//org.junit.runners.ParentRunner$2.evaluate(ParentRunner.java:268)
	at app//org.junit.runners.ParentRunner.run(ParentRunner.java:363)
	at app//io.cucumber.junit.CucumberSerenityRunner.runChild(CucumberSerenityRunner.java:234)
	at app//io.cucumber.junit.CucumberSerenityRunner.runChild(CucumberSerenityRunner.java:57)
	at app//org.junit.runners.ParentRunner$3.run(ParentRunner.java:290)
	at app//org.junit.runners.ParentRunner$1.schedule(ParentRunner.java:71)
	at app//org.junit.runners.ParentRunner.runChildren(ParentRunner.java:288)
	at app//org.junit.runners.ParentRunner.access$000(ParentRunner.java:58)
	at app//org.junit.runners.ParentRunner$2.evaluate(ParentRunner.java:268)
	at app//io.cucumber.junit.CucumberSerenityRunner$RunCucumber.evaluate(CucumberSerenityRunner.java:262)
	at app//org.junit.runners.ParentRunner.run(ParentRunner.java:363)
	at org.gradle.api.internal.tasks.testing.junit.JUnitTestClassExecutor.runTestClass(JUnitTestClassExecutor.java:110)
	at org.gradle.api.internal.tasks.testing.junit.JUnitTestClassExecutor.execute(JUnitTestClassExecutor.java:58)
	at org.gradle.api.internal.tasks.testing.junit.JUnitTestClassExecutor.execute(JUnitTestClassExecutor.java:38)
	at org.gradle.api.internal.tasks.testing.junit.AbstractJUnitTestClassProcessor.processTestClass(AbstractJUnitTestClassProcessor.java:62)
	at org.gradle.api.internal.tasks.testing.SuiteTestClassProcessor.processTestClass(SuiteTestClassProcessor.java:51)
	at java.base@15/jdk.internal.reflect.NativeMethodAccessorImpl.invoke0(Native Method)
	at java.base@15/jdk.internal.reflect.NativeMethodAccessorImpl.invoke(NativeMethodAccessorImpl.java:64)
	at java.base@15/jdk.internal.reflect.DelegatingMethodAccessorImpl.invoke(DelegatingMethodAccessorImpl.java:43)
	at java.base@15/java.lang.reflect.Method.invoke(Method.java:564)
	at org.gradle.internal.dispatch.ReflectionDispatch.dispatch(ReflectionDispatch.java:36)
	at org.gradle.internal.dispatch.ReflectionDispatch.dispatch(ReflectionDispatch.java:24)
	at org.gradle.internal.dispatch.ContextClassLoaderDispatch.dispatch(ContextClassLoaderDispatch.java:33)
	at org.gradle.internal.dispatch.ProxyDispatchAdapter$DispatchingInvocationHandler.invoke(ProxyDispatchAdapter.java:94)
	at com.sun.proxy.$Proxy2.processTestClass(Unknown Source)
	at org.gradle.api.internal.tasks.testing.worker.TestWorker$2.run(TestWorker.java:176)
	at org.gradle.api.internal.tasks.testing.worker.TestWorker.executeAndMaintainThreadName(TestWorker.java:129)
	at org.gradle.api.internal.tasks.testing.worker.TestWorker.execute(TestWorker.java:100)
	at org.gradle.api.internal.tasks.testing.worker.TestWorker.execute(TestWorker.java:60)
	at org.gradle.process.internal.worker.child.ActionExecutionWorker.execute(ActionExecutionWorker.java:56)
	at org.gradle.process.internal.worker.child.SystemApplicationClassLoaderWorker.call(SystemApplicationClassLoaderWorker.java:133)
	at org.gradle.process.internal.worker.child.SystemApplicationClassLoaderWorker.call(SystemApplicationClassLoaderWorker.java:71)
	at app//worker.org.gradle.process.internal.worker.GradleWorkerMain.run(GradleWorkerMain.java:69)
	at app//worker.org.gradle.process.internal.worker.GradleWorkerMain.main(GradleWorkerMain.java:74)
</failure>
  </testcase>
  <system-out><![CDATA[Step argument class io.cucumber.core.gherkin.messages.GherkinMessagesDataTableArgument
?[92m|-- Given that Andres open de browser and enter the page 'https://demoqa.com/'
| button_option | color |?[0m
Step argument class io.cucumber.core.gherkin.messages.GherkinMessagesDataTableArgument
?[92m|---- When he select to the element option and the category dynamic properties?[0m
?[92m|---- Then He should see on the screen the selected button?[0m
]]></system-out>
  <system-err><![CDATA[[Test worker] INFO io.cucumber.core.plugin.SerenityReporter - Running feature from file:///D:/ideaproject/toolsQA/src/test/resources/features/pdemoqa.feature
[Test worker] WARN io.cucumber.core.plugin.SerenityReporter - Feature from file:///D:/ideaproject/toolsQA/src/test/resources/features/pdemoqa.feature is not under the 'features' directory. Requirements report will not be correctly generated!
[Test worker] INFO  - 
  _____   ___   ___   _____     ___   _____     _     ___   _____   ___   ___  
 |_   _| | __| / __| |_   _|   / __| |_   _|   /_\   | _ \ |_   _| | __| |   \ 
   | |   | _|  \__ \   | |     \__ \   | |    / _ \  |   /   | |   | _|  | |) |
   |_|   |___| |___/   |_|     |___/   |_|   /_/ \_\ |_|_\   |_|   |___| |___/ 

Interact in the website(demo-qa;interact-in-the-website)
--------------------------------------------------------------------------------
[Test worker] INFO  - ?[91mSTEP ERROR: io.cucumber.core.exception.CucumberException: Step [that Andres open de browser and enter the page {string}] is defined with 1 parameters at 'co.com.prueba.demoqa.stepdefinitions.PDemoqaStepDefinition.that_andres_open_de_browser_and_enter_the_page(java.lang.String)'.
However, the gherkin step has 2 arguments:
 * 'https://demoqa.com/'
 * Table:
      | button_option | color |

Step text: that Andres open de browser and enter the page 'https://demoqa.com/'?[0m
[Test worker] INFO  - ?[33m      -> STEP IGNORED?[0m
[Test worker] INFO  - ?[33m      -> STEP IGNORED?[0m
[Test worker] ERROR  - ?[91m
  _____   ___   ___   _____     ___   ___   ___    ___    ___ 
 |_   _| | __| / __| |_   _|   | __| | _ \ | _ \  / _ \  | _ \
   | |   | _|  \__ \   | |     | _|  |   / |   / | (_) | |   /
   |_|   |___| |___/   |_|     |___| |_|_\ |_|_\  \___/  |_|_\

Interact in the website
---------------------------------------------------------------?[0m
[Test worker] ERROR  - ?[91m    Test failed at step: Given that Andres open de browser and enter the page 'https://demoqa.com/' | button_option | color |?[0m
[Test worker] ERROR  - ?[91m    Step [that Andres open de browser and enter the page {string}] is defined with 1 parameters at 'co.com.prueba.demoqa.stepdefinitions.PDemoqaStepDefinition.that_andres_open_de_browser_and_enter_the_page(java.lang.String)'.?[0m
]]></system-err>
</testsuite>
