<?xml version="1.0" encoding="UTF-8"?><testsuite errors="1" failures="0" name="Review the operation of the alerts on the website" skipped="0" tests="1" time="28.31" timestamp="2022-08-26 10:01:12"><testcase name="enter the page and make alerts"><error message="Cannot invoke &quot;org.openqa.selenium.WebDriver.switchTo()&quot; because &quot;this.hisBrowser&quot; is null" type="java.lang.NullPointerException">Cannot invoke "org.openqa.selenium.WebDriver.switchTo()" because "this.hisBrowser" is null</error><system-err>Cannot invoke "org.openqa.selenium.WebDriver.switchTo()" because "this.hisBrowser" is null&#13;
co.com.prueba.demoqa.tasks.ClickAlerts.performAs(ClickAlerts.java:29)&#13;
co.com.prueba.demoqa.stepdefinitions.AlertsStepDefinitions.click_to_see_how_each_alert_works(AlertsStepDefinitions.java:34)&#13;
io.cucumber.java.Invoker.doInvoke(Invoker.java:66)&#13;
io.cucumber.java.Invoker.invoke(Invoker.java:24)&#13;
io.cucumber.java.AbstractGlueDefinition.invokeMethod(AbstractGlueDefinition.java:47)&#13;
io.cucumber.java.JavaStepDefinition.execute(JavaStepDefinition.java:29)&#13;
io.cucumber.core.runner.CoreStepDefinition.execute(CoreStepDefinition.java:66)&#13;
io.cucumber.core.runner.PickleStepDefinitionMatch.runStep(PickleStepDefinitionMatch.java:63)&#13;
io.cucumber.core.runner.TestStep.executeStep(TestStep.java:92)&#13;
io.cucumber.core.runner.TestStep.run(TestStep.java:64)&#13;
io.cucumber.core.runner.PickleStepTestStep.run(PickleStepTestStep.java:51)&#13;
io.cucumber.core.runner.TestCase.run(TestCase.java:104)&#13;
io.cucumber.core.runner.Runner.runPickle(Runner.java:73)&#13;
io.cucumber.junit.FeatureRunner.runChild(FeatureRunner.java:135)&#13;
io.cucumber.junit.FeatureRunner.runChild(FeatureRunner.java:27)&#13;
io.cucumber.junit.CucumberSerenityRunner.runChild(CucumberSerenityRunner.java:234)&#13;
io.cucumber.junit.CucumberSerenityRunner.runChild(CucumberSerenityRunner.java:57)&#13;
worker.org.gradle.process.internal.worker.GradleWorkerMain.run(GradleWorkerMain.java:69)&#13;
worker.org.gradle.process.internal.worker.GradleWorkerMain.main(GradleWorkerMain.java:74)&#13;
</system-err></testcase></testsuite>