<?xml version="1.0" encoding="UTF-8"?><testsuite errors="1" failures="0" name="Demo QA" skipped="0" tests="1" time="0.4" timestamp="2022-08-26 09:26:52"><testcase name="Interact in the website"><error message="Step [that Andres open de browser and enter the page {string}] is defined with 1 parameters at 'co.com.prueba.demoqa.stepdefinitions.PDemoqaStepDefinition.that_andres_open_de_browser_and_enter_the_page(java.lang.String)'.&#10;However, the gherkin step has 2 arguments:&#10; * 'https://demoqa.com/'&#10; * Table:&#10;      | button_option | color |&#10;&#10;Step text: that Andres open de browser and enter the page 'https://demoqa.com/'" type="io.cucumber.core.exception.CucumberException">Step [that Andres open de browser and enter the page {string}] is defined with 1 parameters at 'co.com.prueba.demoqa.stepdefinitions.PDemoqaStepDefinition.that_andres_open_de_browser_and_enter_the_page(java.lang.String)'.
However, the gherkin step has 2 arguments:
 * 'https://demoqa.com/'
 * Table:
      | button_option | color |

Step text: that Andres open de browser and enter the page 'https://demoqa.com/'</error><system-err>Step [that Andres open de browser and enter the page {string}] is defined with 1 parameters at 'co.com.prueba.demoqa.stepdefinitions.PDemoqaStepDefinition.that_andres_open_de_browser_and_enter_the_page(java.lang.String)'.
However, the gherkin step has 2 arguments:
 * 'https://demoqa.com/'
 * Table:
      | button_option | color |

Step text: that Andres open de browser and enter the page 'https://demoqa.com/'&#13;
io.cucumber.core.runner.PickleStepDefinitionMatch.arityMismatch(PickleStepDefinitionMatch.java:83)&#13;
io.cucumber.core.runner.PickleStepDefinitionMatch.runStep(PickleStepDefinitionMatch.java:42)&#13;
io.cucumber.core.runner.TestStep.executeStep(TestStep.java:92)&#13;
io.cucumber.core.runner.TestStep.run(TestStep.java:64)&#13;
io.cucumber.core.runner.PickleStepTestStep.run(PickleStepTestStep.java:51)&#13;
io.cucumber.core.runner.TestCase.run(TestCase.java:104)&#13;
io.cucumber.core.runner.Runner.runPickle(Runner.java:73)&#13;
io.cucumber.junit.FeatureRunner.runChild(FeatureRunner.java:135)&#13;
io.cucumber.junit.FeatureRunner.runChild(FeatureRunner.java:27)&#13;
io.cucumber.junit.CucumberSerenityRunner.runChild(CucumberSerenityRunner.java:234)&#13;
io.cucumber.junit.CucumberSerenityRunner.runChild(CucumberSerenityRunner.java:57)&#13;
worker.org.gradle.process.internal.worker.GradleWorkerMain.run(GradleWorkerMain.java:69)&#13;
worker.org.gradle.process.internal.worker.GradleWorkerMain.main(GradleWorkerMain.java:74)&#13;
</system-err></testcase></testsuite>